#
# A fatal error has been detected by the Java Runtime Environment:
#
#  EXCEPTION_ACCESS_VIOLATION (0xc0000005) at pc=0x6931033d, pid=9152, tid=12200
#
# JRE version: Java(TM) SE Runtime Environment (8.0_25-b18) (build 1.8.0_25-b18)
# Java VM: Java HotSpot(TM) Client VM (25.25-b02 mixed mode windows-x86 )
# Problematic frame:
# V  [jvm.dll+0xc033d]
#
# Failed to write core dump. Minidumps are not enabled by default on client versions of Windows
#
# If you would like to submit a bug report, please visit:
#   http://bugreport.sun.com/bugreport/crash.jsp
#

---------------  T H R E A D  ---------------

Current thread (0x148e0000):  JavaThread "JDWP Transport Listener: dt_socket" daemon [_thread_in_vm, id=12200, stack(0x14d30000,0x14d80000)]

siginfo: ExceptionCode=0xc0000005, reading address 0x003b7400

Registers:
EAX=0x003b7400, EBX=0x00000000, ECX=0x003b7400, EDX=0x00000000
ESP=0x14d7f268, EBP=0x14d7f26c, ESI=0x148e0000, EDI=0x022b7ea8
EIP=0x6931033d, EFLAGS=0x00010206

Top of Stack: (sp=0x14d7f268)
0x14d7f268:   148e0000 14d7f294 69466984 003b7400
0x14d7f278:   14d7f34c 14d7f2cf 148e0000 00000000
0x14d7f288:   00000000 00000000 148e0000 14d7f2d0
0x14d7f298:   6e789f7b 022b7ea8 003b7400 14d7f2cf
0x14d7f2a8:   003b7400 6e77436d 003b7400 14d7f2cf
0x14d7f2b8:   00000011 00000000 00000000 00000009
0x14d7f2c8:   00000000 006b4e20 14d7f2f0 6e7744e0
0x14d7f2d8:   00000001 14d7f30c 14d7f348 187a8670 

Instructions: (pc=0x6931033d)
0x6931031d:   5d c3 52 e8 bb f7 ff ff 5d c3 cc cc cc cc cc cc
0x6931032d:   cc cc cc 55 8b ec 8b 45 08 85 c0 75 02 5d c3 56
0x6931033d:   8b 30 85 f6 74 17 83 fe 37 74 12 8b 06 8b 50 08
0x6931034d:   8b ce ff d2 84 c0 74 05 8b c6 5e 5d c3 33 c0 5e 


Register to memory mapping:

EAX=0x003b7400 is an unknown value
EBX=0x00000000 is an unknown value
ECX=0x003b7400 is an unknown value
EDX=0x00000000 is an unknown value
ESP=0x14d7f268 is pointing into the stack for thread: 0x148e0000
EBP=0x14d7f26c is pointing into the stack for thread: 0x148e0000
ESI=0x148e0000 is a thread
EDI=0x022b7ea8 is an unknown value


Stack: [0x14d30000,0x14d80000],  sp=0x14d7f268,  free space=316k
Native frames: (J=compiled Java code, j=interpreted, Vv=VM code, C=native code)
V  [jvm.dll+0xc033d]
V  [jvm.dll+0x216984]
C  [jdwp.dll+0x19f7b]
C  [jdwp.dll+0x44e0]
C  [jdwp.dll+0x451e]
C  0x14080000


---------------  P R O C E S S  ---------------

Java Threads: ( => current thread )
  0x1870ec00 JavaThread "TimerQueue" daemon [_thread_blocked, id=4420, stack(0x19220000,0x19270000)]
  0x1870e400 JavaThread "D3D Screen Updater" daemon [_thread_blocked, id=7344, stack(0x18ea0000,0x18ef0000)]
  0x022bc000 JavaThread "DestroyJavaVM" [_thread_blocked, id=7352, stack(0x00740000,0x00790000)]
  0x14a48000 JavaThread "AWT-EventQueue-0" [_thread_blocked, id=9876, stack(0x15a20000,0x15a70000)]
  0x14a3f000 JavaThread "AWT-Windows" daemon [_thread_in_native, id=8112, stack(0x15890000,0x158e0000)]
  0x14a3a400 JavaThread "AWT-Shutdown" [_thread_blocked, id=4308, stack(0x15800000,0x15850000)]
  0x14a37800 JavaThread "Java2D Disposer" daemon [_thread_blocked, id=11668, stack(0x15770000,0x157c0000)]
  0x14923000 JavaThread "Service Thread" daemon [_thread_blocked, id=8372, stack(0x15260000,0x152b0000)]
  0x148fec00 JavaThread "C1 CompilerThread0" daemon [_thread_blocked, id=7680, stack(0x151d0000,0x15220000)]
  0x148e7800 JavaThread "JDWP Command Reader" daemon [_thread_in_native, id=5244, stack(0x14e50000,0x14ea0000)]
  0x148e2800 JavaThread "JDWP Event Helper Thread" daemon [_thread_blocked, id=9348, stack(0x14dc0000,0x14e10000)]
=>0x148e0000 JavaThread "JDWP Transport Listener: dt_socket" daemon [_thread_in_vm, id=12200, stack(0x14d30000,0x14d80000)]
  0x148d4000 JavaThread "Attach Listener" daemon [_thread_blocked, id=5480, stack(0x14ca0000,0x14cf0000)]
  0x148d2000 JavaThread "Signal Dispatcher" daemon [_thread_blocked, id=3736, stack(0x14c10000,0x14c60000)]
  0x148b5000 JavaThread "Finalizer" daemon [_thread_blocked, id=8288, stack(0x14b80000,0x14bd0000)]
  0x0225e000 JavaThread "Reference Handler" daemon [_thread_blocked, id=9912, stack(0x14af0000,0x14b40000)]

Other Threads:
  0x0225b000 VMThread [stack: 0x14860000,0x148b0000] [id=4876]
  0x14924000 WatcherThread [stack: 0x152f0000,0x15340000] [id=6204]

VM state:not at safepoint (normal execution)

VM Mutex/Monitor currently owned by a thread: None

Heap:
 def new generation   total 4928K, used 1543K [0x04400000, 0x04950000, 0x09950000)
  eden space 4416K,  23% used [0x04400000, 0x04501d98, 0x04850000)
  from space 512K, 100% used [0x048d0000, 0x04950000, 0x04950000)
  to   space 512K,   0% used [0x04850000, 0x04850000, 0x048d0000)
 tenured generation   total 10944K, used 1025K [0x09950000, 0x0a400000, 0x14400000)
   the space 10944K,   9% used [0x09950000, 0x09a505b0, 0x09a50600, 0x0a400000)
 Metaspace       used 7160K, capacity 7296K, committed 7424K, reserved 7552K

Card table byte_map: [0x04300000,0x04390000] byte_map_base: 0x042de000

Polling page: 0x006e0000

CodeCache: size=32768Kb used=998Kb max_used=998Kb free=31769Kb
 bounds [0x02300000, 0x02400000, 0x04300000]
 total_blobs=485 nmethods=252 adapters=174
 compilation: enabled

Compilation events (10 events):
Event: 128.715 Thread 0x148fec00  245             sun.java2d.SurfaceData::isSurfaceLost (5 bytes)
Event: 128.715 Thread 0x148fec00 nmethod 245 0x023f8588 code [0x023f8680, 0x023f8700]
Event: 144.673 Thread 0x148fec00  247             java.util.ArrayList::toArray (60 bytes)
Event: 144.673 Thread 0x148fec00 nmethod 247 0x023f89c8 code [0x023f8ae0, 0x023f8cf8]
Event: 151.894 Thread 0x148fec00  248             sun.java2d.d3d.D3DSurfaceData$D3DWindowSurfaceData::isDirty (18 bytes)
Event: 151.894 Thread 0x148fec00 nmethod 248 0x023f8dc8 code [0x023f8ed0, 0x023f8f7c]
Event: 151.895 Thread 0x148fec00  249             sun.java2d.StateTrackableDelegate$1::isCurrent (17 bytes)
Event: 151.895 Thread 0x148fec00 nmethod 249 0x023f8fc8 code [0x023f90c0, 0x023f9160]
Event: 155.604 Thread 0x148fec00  250             java.lang.reflect.Array::newInstance (6 bytes)
Event: 155.604 Thread 0x148fec00 nmethod 250 0x023f9488 code [0x023f9580, 0x023f960c]

GC Heap History (2 events):
Event: 32.944 GC heap before
{Heap before GC invocations=0 (full 0):
 def new generation   total 4928K, used 4416K [0x04400000, 0x04950000, 0x09950000)
  eden space 4416K, 100% used [0x04400000, 0x04850000, 0x04850000)
  from space 512K,   0% used [0x04850000, 0x04850000, 0x048d0000)
  to   space 512K,   0% used [0x048d0000, 0x048d0000, 0x04950000)
 tenured generation   total 10944K, used 0K [0x09950000, 0x0a400000, 0x14400000)
   the space 10944K,   0% used [0x09950000, 0x09950000, 0x09950200, 0x0a400000)
 Metaspace       used 6465K, capacity 6590K, committed 6656K, reserved 7552K
Event: 32.948 GC heap after
Heap after GC invocations=1 (full 0):
 def new generation   total 4928K, used 512K [0x04400000, 0x04950000, 0x09950000)
  eden space 4416K,   0% used [0x04400000, 0x04400000, 0x04850000)
  from space 512K, 100% used [0x048d0000, 0x04950000, 0x04950000)
  to   space 512K,   0% used [0x04850000, 0x04850000, 0x048d0000)
 tenured generation   total 10944K, used 1025K [0x09950000, 0x0a400000, 0x14400000)
   the space 10944K,   9% used [0x09950000, 0x09a505b0, 0x09a50600, 0x0a400000)
 Metaspace       used 6465K, capacity 6590K, committed 6656K, reserved 7552K
}

Deoptimization events (0 events):
No events

Internal exceptions (10 events):
Event: 3.798 Thread 0x14a48000 Exception <a 'java/security/PrivilegedActionException'> (0x046b09e0) thrown at [C:\re\workspace\8-2-build-windows-i586-cygwin\jdk8u25\1677\hotspot\src\share\vm\prims\jvm.cpp, line 1312]
Event: 4.405 Thread 0x14a48000 Exception <a 'java/security/PrivilegedActionException'> (0x04718828) thrown at [C:\re\workspace\8-2-build-windows-i586-cygwin\jdk8u25\1677\hotspot\src\share\vm\prims\jvm.cpp, line 1312]
Event: 4.463 Thread 0x14a48000 Exception <a 'java/security/PrivilegedActionException'> (0x0471f3e0) thrown at [C:\re\workspace\8-2-build-windows-i586-cygwin\jdk8u25\1677\hotspot\src\share\vm\prims\jvm.cpp, line 1312]
Event: 4.733 Thread 0x14a48000 Exception <a 'java/security/PrivilegedActionException'> (0x04722e40) thrown at [C:\re\workspace\8-2-build-windows-i586-cygwin\jdk8u25\1677\hotspot\src\share\vm\prims\jvm.cpp, line 1312]
Event: 4.888 Thread 0x14a48000 Exception <a 'java/security/PrivilegedActionException'> (0x04726e10) thrown at [C:\re\workspace\8-2-build-windows-i586-cygwin\jdk8u25\1677\hotspot\src\share\vm\prims\jvm.cpp, line 1312]
Event: 33.156 Thread 0x14a48000 Exception <a 'java/security/PrivilegedActionException'> (0x04426600) thrown at [C:\re\workspace\8-2-build-windows-i586-cygwin\jdk8u25\1677\hotspot\src\share\vm\prims\jvm.cpp, line 1312]
Event: 33.167 Thread 0x14a48000 Exception <a 'java/security/PrivilegedActionException'> (0x04427a20) thrown at [C:\re\workspace\8-2-build-windows-i586-cygwin\jdk8u25\1677\hotspot\src\share\vm\prims\jvm.cpp, line 1312]
Event: 33.773 Thread 0x14a48000 Exception <a 'java/security/PrivilegedActionException'> (0x04459640) thrown at [C:\re\workspace\8-2-build-windows-i586-cygwin\jdk8u25\1677\hotspot\src\share\vm\prims\jvm.cpp, line 1312]
Event: 996.866 Thread 0x14a48000 Exception <a 'sun/nio/fs/WindowsException'> (0x0449bff8) thrown at [C:\re\workspace\8-2-build-windows-i586-cygwin\jdk8u25\1677\hotspot\src\share\vm\prims\jni.cpp, line 716]
Event: 996.867 Thread 0x14a48000 Exception <a 'sun/nio/fs/WindowsException'> (0x0449c578) thrown at [C:\re\workspace\8-2-build-windows-i586-cygwin\jdk8u25\1677\hotspot\src\share\vm\prims\jni.cpp, line 716]

Events (10 events):
Event: 996.972 Executing VM operation: GetOrSetLocal
Event: 996.972 Executing VM operation: GetOrSetLocal done
Event: 996.972 Executing VM operation: GetOrSetLocal
Event: 996.972 Executing VM operation: GetOrSetLocal done
Event: 1120.385 Executing VM operation: ChangeBreakpoints
Event: 1120.386 Executing VM operation: ChangeBreakpoints done
Event: 1120.386 Executing VM operation: ChangeBreakpoints
Event: 1120.386 Executing VM operation: ChangeBreakpoints done
Event: 1121.286 Executing VM operation: RedefineClasses
Event: 1121.287 Executing VM operation: RedefineClasses done


Dynamic libraries:
0x00aa0000 - 0x00ad0000 	C:\Program Files (x86)\Java\jre1.8.0_25\bin\javaw.exe
0x77790000 - 0x778ff000 	C:\Windows\SYSTEM32\ntdll.dll
0x754f0000 - 0x75630000 	C:\Windows\SYSTEM32\KERNEL32.DLL
0x759f0000 - 0x75ac7000 	C:\Windows\SYSTEM32\KERNELBASE.dll
0x712e0000 - 0x71380000 	C:\Windows\system32\apphelp.dll
0x5ab50000 - 0x5adb6000 	C:\Windows\AppPatch\AcGenral.DLL
0x75800000 - 0x758c3000 	C:\Windows\SYSTEM32\msvcrt.dll
0x74f80000 - 0x74fc1000 	C:\Windows\SYSTEM32\sechost.dll
0x750d0000 - 0x750ee000 	C:\Windows\SYSTEM32\SspiCli.dll
0x75eb0000 - 0x75ef5000 	C:\Windows\SYSTEM32\SHLWAPI.dll
0x6eb60000 - 0x6ec4d000 	C:\Windows\SYSTEM32\UxTheme.dll
0x77560000 - 0x776b3000 	C:\Windows\SYSTEM32\USER32.dll
0x75190000 - 0x7529f000 	C:\Windows\SYSTEM32\GDI32.dll
0x74bb0000 - 0x74bd3000 	C:\Windows\SYSTEM32\WINMM.dll
0x741a0000 - 0x741b3000 	C:\Windows\SYSTEM32\samcli.dll
0x77200000 - 0x77329000 	C:\Windows\SYSTEM32\ole32.dll
0x75950000 - 0x759e5000 	C:\Windows\SYSTEM32\OLEAUT32.dll
0x5ab30000 - 0x5ab47000 	C:\Windows\SYSTEM32\MSACM32.dll
0x74f00000 - 0x74f08000 	C:\Windows\SYSTEM32\VERSION.dll
0x75f40000 - 0x771fc000 	C:\Windows\SYSTEM32\SHELL32.dll
0x74d40000 - 0x74d5b000 	C:\Windows\SYSTEM32\USERENV.dll
0x6eb40000 - 0x6eb5a000 	C:\Windows\SYSTEM32\dwmapi.dll
0x74be0000 - 0x74d2c000 	C:\Windows\SYSTEM32\urlmon.dll
0x758d0000 - 0x7594c000 	C:\Windows\SYSTEM32\ADVAPI32.dll
0x74e90000 - 0x74ef5000 	C:\Windows\SYSTEM32\WINSPOOL.DRV
0x73d30000 - 0x73d46000 	C:\Windows\SYSTEM32\MPR.dll
0x75010000 - 0x750ca000 	C:\Windows\SYSTEM32\RPCRT4.dll
0x74f70000 - 0x74f7a000 	C:\Windows\SYSTEM32\CRYPTBASE.dll
0x773e0000 - 0x7755d000 	C:\Windows\SYSTEM32\combase.dll
0x746a0000 - 0x746c3000 	C:\Windows\SYSTEM32\WINMMBASE.dll
0x74910000 - 0x7491f000 	C:\Windows\SYSTEM32\profapi.dll
0x746d0000 - 0x74904000 	C:\Windows\SYSTEM32\iertutil.dll
0x74940000 - 0x74b90000 	C:\Windows\SYSTEM32\WININET.dll
0x74f10000 - 0x74f64000 	C:\Windows\SYSTEM32\bcryptPrimitives.dll
0x75f00000 - 0x75f3c000 	C:\Windows\SYSTEM32\cfgmgr32.dll
0x74e30000 - 0x74e51000 	C:\Windows\SYSTEM32\DEVOBJ.dll
0x744a0000 - 0x7452b000 	C:\Windows\SYSTEM32\SHCORE.DLL
0x75ad0000 - 0x75af7000 	C:\Windows\system32\IMM32.DLL
0x75b50000 - 0x75c62000 	C:\Windows\SYSTEM32\MSCTF.dll
0x6f470000 - 0x6f676000 	C:\Windows\WinSxS\x86_microsoft.windows.common-controls_6595b64144ccf1df_6.0.9600.18006_none_a9ec6aab013aafee\COMCTL32.dll
0x6e7a0000 - 0x6e85f000 	C:\Program Files (x86)\Java\jre1.8.0_25\bin\msvcr100.dll
0x69250000 - 0x695f4000 	C:\Program Files (x86)\Java\jre1.8.0_25\bin\client\jvm.dll
0x73850000 - 0x73858000 	C:\Windows\SYSTEM32\WSOCK32.dll
0x757e0000 - 0x757e6000 	C:\Windows\SYSTEM32\PSAPI.DLL
0x75b00000 - 0x75b4f000 	C:\Windows\SYSTEM32\WS2_32.dll
0x773d0000 - 0x773d7000 	C:\Windows\SYSTEM32\NSI.dll
0x6e8e0000 - 0x6e8ec000 	C:\Program Files (x86)\Java\jre1.8.0_25\bin\verify.dll
0x6e8b0000 - 0x6e8d1000 	C:\Program Files (x86)\Java\jre1.8.0_25\bin\java.dll
0x6e770000 - 0x6e799000 	C:\Program Files (x86)\Java\jre1.8.0_25\bin\jdwp.dll
0x6e760000 - 0x6e767000 	C:\Program Files (x86)\Java\jre1.8.0_25\bin\npt.dll
0x6e890000 - 0x6e8a3000 	C:\Program Files (x86)\Java\jre1.8.0_25\bin\zip.dll
0x6e750000 - 0x6e758000 	C:\Program Files (x86)\Java\jre1.8.0_25\bin\dt_socket.dll
0x70850000 - 0x70861000 	C:\Windows\system32\napinsp.dll
0x70830000 - 0x70846000 	C:\Windows\system32\pnrpnsp.dll
0x70810000 - 0x70824000 	C:\Windows\system32\NLAapi.dll
0x73fa0000 - 0x73feb000 	C:\Windows\System32\mswsock.dll
0x73f20000 - 0x73f9e000 	C:\Windows\SYSTEM32\DNSAPI.dll
0x70800000 - 0x7080a000 	C:\Windows\System32\winrnr.dll
0x73ef0000 - 0x73f11000 	C:\Program Files (x86)\Bonjour\mdnsNSP.dll
0x74b90000 - 0x74bb0000 	C:\Windows\SYSTEM32\Iphlpapi.DLL
0x74690000 - 0x74698000 	C:\Windows\SYSTEM32\WINNSI.DLL
0x6fcc0000 - 0x6fd06000 	C:\Windows\System32\fwpuclnt.dll
0x6fd30000 - 0x6fd38000 	C:\Windows\System32\rasadhlp.dll
0x6e600000 - 0x6e746000 	C:\Program Files (x86)\Java\jre1.8.0_25\bin\awt.dll
0x5d4c0000 - 0x5d63b000 	C:\Program Files (x86)\360\Total Security\safemon\safemon.dll
0x74920000 - 0x74933000 	C:\Windows\SYSTEM32\NETAPI32.dll
0x74680000 - 0x7468a000 	C:\Windows\SYSTEM32\netutils.dll
0x74660000 - 0x7467d000 	C:\Windows\SYSTEM32\srvcli.dll
0x74640000 - 0x74651000 	C:\Windows\SYSTEM32\wkscli.dll
0x74120000 - 0x74129000 	C:\Windows\SYSTEM32\kernel.appcore.dll
0x15b60000 - 0x15d33000 	C:\Windows\system32\d3d9.dll
0x684d0000 - 0x69244000 	C:\Windows\SYSTEM32\nvd3dum.dll
0x70ef0000 - 0x70f30000 	C:\Windows\system32\powrprof.dll
0x57460000 - 0x57521000 	C:\Program Files (x86)\NVIDIA Corporation\3D Vision\nvSCPAPI.dll
0x75330000 - 0x754e1000 	C:\Windows\SYSTEM32\SETUPAPI.dll
0x569a0000 - 0x56b11000 	C:\Windows\system32\nvspcap.dll
0x722e0000 - 0x7237f000 	C:\Windows\SYSTEM32\WINHTTP.dll
0x50190000 - 0x504d9000 	C:\Windows\system32\nvapi.dll
0x6e5c0000 - 0x6e5f8000 	C:\Program Files (x86)\Java\jre1.8.0_25\bin\fontmanager.dll
0x75100000 - 0x7518d000 	C:\Windows\SYSTEM32\clbcatq.dll
0x68100000 - 0x6826b000 	C:\Windows\SYSTEM32\WindowsCodecs.dll
0x73da0000 - 0x73db9000 	C:\Windows\SYSTEM32\CRYPTSP.dll
0x73d70000 - 0x73da0000 	C:\Windows\system32\rsaenh.dll
0x73d50000 - 0x73d6e000 	C:\Windows\SYSTEM32\bcrypt.dll
0x6e870000 - 0x6e885000 	C:\Program Files (x86)\Java\jre1.8.0_25\bin\net.dll
0x6e860000 - 0x6e86f000 	C:\Program Files (x86)\Java\jre1.8.0_25\bin\nio.dll
0x69b90000 - 0x69bc0000 	C:\Program Files (x86)\Java\jre1.8.0_25\bin\t2k.dll
0x742f0000 - 0x74431000 	C:\Windows\SYSTEM32\dbghelp.dll

VM Arguments:
jvm_args: -agentlib:jdwp=transport=dt_socket,suspend=y,address=localhost:55312 -Dfile.encoding=Cp1252 
java_command: main.SimpleExample006_C
java_class_path (initial): F:\User\workspace_eclipse\Juno_usb_F\2014-12-27_1309_JActions\bin
Launcher Type: SUN_STANDARD

Environment Variables:
JRE_HOME=C:\Program Files (x86)\Java\jdk1.8.0_25
PATH=C:/Program Files (x86)/Java/jre1.8.0_25/bin/client;C:/Program Files (x86)/Java/jre1.8.0_25/bin;C:/Program Files (x86)/Java/jre1.8.0_25/lib/i386;C:\UserPrograms\Oracle\product\12.1.0\dbhome_2\bin;C:\UserPrograms\Oracle\product\12.1.0\dbhome_1\bin;C:\ProgramData\Oracle\Java\javapath;C:\Windows\system32;C:\Windows;C:\Windows\System32\Wbem;C:\Windows\System32\WindowsPowerShell\v1.0\;C:\Program Files (x86)\Autodesk\Backburner\;C:\Program Files\PopCorn\nodejs\;C:\Program Files (x86)\NVIDIA Corporation\PhysX\Common;C:\Program Files (x86)\Skype\Phone\;C:\Users\Francisco\AppData\Roaming\npm;F:\UserPrograms\2014-02-23_1342_Eclipse_Juno_win32\eclipse-jee-juno-win32.zip_\eclipse;
USERNAME=Francisco
OS=Windows_NT
PROCESSOR_IDENTIFIER=Intel64 Family 6 Model 45 Stepping 7, GenuineIntel



---------------  S Y S T E M  ---------------

OS: Windows 8.1 , 64 bit Build 9600 

CPU:total 12 (6 cores per cpu, 2 threads per core) family 6 model 45 stepping 7, cmov, cx8, fxsr, mmx, sse, sse2, sse3, ssse3, sse4.1, sse4.2, popcnt, avx, aes, clmul, ht, tsc, tscinvbit, tscinv

Memory: 4k page, physical 16729676k(8136556k free), swap 19220048k(8853684k free)

vm_info: Java HotSpot(TM) Client VM (25.25-b02) for windows-x86 JRE (1.8.0_25-b18), built on Oct  7 2014 14:31:05 by "java_re" with MS VC++ 10.0 (VS2010)

time: Sat Aug 06 18:26:26 2016
elapsed time: 1121 seconds (0d 0h 18m 41s)

